2023-06-16 19:33:30,703 [DEBUG] django.db.backends: (0.000) 
            SELECT
                c.relname,
                CASE
                    WHEN c.relispartition THEN 'p'
                    WHEN c.relkind IN ('m', 'v') THEN 'v'
                    ELSE 't'
                END,
                obj_description(c.oid, 'pg_class')
            FROM pg_catalog.pg_class c
            LEFT JOIN pg_catalog.pg_namespace n ON n.oid = c.relnamespace
            WHERE c.relkind IN ('f', 'm', 'p', 'r', 'v')
                AND n.nspname NOT IN ('pg_catalog', 'pg_toast')
                AND pg_catalog.pg_table_is_visible(c.oid)
        ; args=None; alias=default
2023-06-16 19:33:30,706 [DEBUG] django.db.backends: (0.000) SELECT "django_migrations"."id", "django_migrations"."app", "django_migrations"."name", "django_migrations"."applied" FROM "django_migrations"; args=(); alias=default
2023-06-16 19:33:38,453 [DEBUG] django.db.backends: (0.000) BEGIN; args=None; alias=default
2023-06-16 19:33:38,459 [DEBUG] django.db.backends: (0.000) COMMIT; args=None; alias=default
2023-06-16 19:33:38,460 [DEBUG] django.db.backends: (0.000) BEGIN; args=None; alias=default
2023-06-16 19:33:38,465 [DEBUG] django.db.backends: (0.000) COMMIT; args=None; alias=default
2023-06-16 19:33:38,466 [DEBUG] django.db.backends: (0.000) BEGIN; args=None; alias=default
2023-06-16 19:33:38,472 [DEBUG] django.db.backends: (0.000) COMMIT; args=None; alias=default
2023-06-16 19:33:38,477 [DEBUG] django.db.backends: (0.000) BEGIN; args=None; alias=default
2023-06-16 19:33:38,477 [DEBUG] django.db.backends: (0.000) COMMIT; args=None; alias=default
